\BOOKMARK [0][-]{chapter.1}{\376\377\0001\000\040\000N\000a\000m\000e\000s\000p\000a\000c\000e\000\040\000I\000n\000d\000e\000x}{}% 1
\BOOKMARK [1][-]{section.1.1}{\376\377\0001\000.\0001\000\040\000N\000a\000m\000e\000s\000p\000a\000c\000e\000\040\000L\000i\000s\000t}{chapter.1}% 2
\BOOKMARK [0][-]{chapter.2}{\376\377\0002\000\040\000H\000i\000e\000r\000a\000r\000c\000h\000i\000c\000a\000l\000\040\000I\000n\000d\000e\000x}{}% 3
\BOOKMARK [1][-]{section.2.1}{\376\377\0002\000.\0001\000\040\000C\000l\000a\000s\000s\000\040\000H\000i\000e\000r\000a\000r\000c\000h\000y}{chapter.2}% 4
\BOOKMARK [0][-]{chapter.3}{\376\377\0003\000\040\000C\000l\000a\000s\000s\000\040\000I\000n\000d\000e\000x}{}% 5
\BOOKMARK [1][-]{section.3.1}{\376\377\0003\000.\0001\000\040\000C\000l\000a\000s\000s\000\040\000L\000i\000s\000t}{chapter.3}% 6
\BOOKMARK [0][-]{chapter.4}{\376\377\0004\000\040\000F\000i\000l\000e\000\040\000I\000n\000d\000e\000x}{}% 7
\BOOKMARK [1][-]{section.4.1}{\376\377\0004\000.\0001\000\040\000F\000i\000l\000e\000\040\000L\000i\000s\000t}{chapter.4}% 8
\BOOKMARK [0][-]{chapter.5}{\376\377\0005\000\040\000N\000a\000m\000e\000s\000p\000a\000c\000e\000\040\000D\000o\000c\000u\000m\000e\000n\000t\000a\000t\000i\000o\000n}{}% 9
\BOOKMARK [1][-]{section.5.1}{\376\377\0005\000.\0001\000\040\000P\000a\000c\000k\000a\000g\000e\000\040\000c\000o\000m}{chapter.5}% 10
\BOOKMARK [1][-]{section.5.2}{\376\377\0005\000.\0002\000\040\000P\000a\000c\000k\000a\000g\000e\000\040\000c\000o\000m\000.\000e\000x\000a\000m\000p\000l\000e}{chapter.5}% 11
\BOOKMARK [1][-]{section.5.3}{\376\377\0005\000.\0003\000\040\000P\000a\000c\000k\000a\000g\000e\000\040\000c\000o\000m\000.\000e\000x\000a\000m\000p\000l\000e\000.\000s\000p\000l\000i\000t\000f\000a\000r\000e}{chapter.5}% 12
\BOOKMARK [0][-]{chapter.6}{\376\377\0006\000\040\000C\000l\000a\000s\000s\000\040\000D\000o\000c\000u\000m\000e\000n\000t\000a\000t\000i\000o\000n}{}% 13
\BOOKMARK [1][-]{section.6.1}{\376\377\0006\000.\0001\000\040\000c\000o\000m\000.\000e\000x\000a\000m\000p\000l\000e\000.\000s\000p\000l\000i\000t\000f\000a\000r\000e\000.\000A\000d\000d\000p\000o\000s\000t\000a\000A\000c\000t\000i\000v\000i\000t\000y\000\040\000C\000l\000a\000s\000s\000\040\000R\000e\000f\000e\000r\000e\000n\000c\000e}{chapter.6}% 14
\BOOKMARK [2][-]{subsection.6.1.1}{\376\377\0006\000.\0001\000.\0001\000\040\000D\000e\000t\000a\000i\000l\000e\000d\000\040\000D\000e\000s\000c\000r\000i\000p\000t\000i\000o\000n}{section.6.1}% 15
\BOOKMARK [2][-]{subsection.6.1.2}{\376\377\0006\000.\0001\000.\0002\000\040\000M\000e\000m\000b\000e\000r\000\040\000F\000u\000n\000c\000t\000i\000o\000n\000\040\000D\000o\000c\000u\000m\000e\000n\000t\000a\000t\000i\000o\000n}{section.6.1}% 16
\BOOKMARK [3][-]{subsubsection.6.1.2.1}{\376\377\0006\000.\0001\000.\0002\000.\0001\000\040\000o\000n\000B\000a\000c\000k\000P\000r\000e\000s\000s\000e\000d\000\050\000\051}{subsection.6.1.2}% 17
\BOOKMARK [3][-]{subsubsection.6.1.2.2}{\376\377\0006\000.\0001\000.\0002\000.\0002\000\040\000o\000n\000C\000r\000e\000a\000t\000e\000\050\000\051}{subsection.6.1.2}% 18
\BOOKMARK [2][-]{subsection.6.1.3}{\376\377\0006\000.\0001\000.\0003\000\040\000M\000e\000m\000b\000e\000r\000\040\000D\000a\000t\000a\000\040\000D\000o\000c\000u\000m\000e\000n\000t\000a\000t\000i\000o\000n}{section.6.1}% 19
\BOOKMARK [3][-]{subsubsection.6.1.3.1}{\376\377\0006\000.\0001\000.\0003\000.\0001\000\040\000b\000t\000n\000a\000d\000d\000P\000o\000s\000t}{subsection.6.1.3}% 20
\BOOKMARK [3][-]{subsubsection.6.1.3.2}{\376\377\0006\000.\0001\000.\0003\000.\0002\000\040\000b\000t\000n\000D\000a\000t\000e}{subsection.6.1.3}% 21
\BOOKMARK [3][-]{subsubsection.6.1.3.3}{\376\377\0006\000.\0001\000.\0003\000.\0003\000\040\000b\000t\000n\000T\000i\000m\000e}{subsection.6.1.3}% 22
\BOOKMARK [3][-]{subsubsection.6.1.3.4}{\376\377\0006\000.\0001\000.\0003\000.\0004\000\040\000c\000a\000l}{subsection.6.1.3}% 23
\BOOKMARK [3][-]{subsubsection.6.1.3.5}{\376\377\0006\000.\0001\000.\0003\000.\0005\000\040\000c\000u\000r\000H\000o\000u\000r}{subsection.6.1.3}% 24
\BOOKMARK [3][-]{subsubsection.6.1.3.6}{\376\377\0006\000.\0001\000.\0003\000.\0006\000\040\000c\000u\000r\000M\000i\000n}{subsection.6.1.3}% 25
\BOOKMARK [3][-]{subsubsection.6.1.3.7}{\376\377\0006\000.\0001\000.\0003\000.\0007\000\040\000d\000a\000t\000a\000b\000a\000s\000e\000p\000o\000s\000t\000s}{subsection.6.1.3}% 26
\BOOKMARK [3][-]{subsubsection.6.1.3.8}{\376\377\0006\000.\0001\000.\0003\000.\0008\000\040\000D\000a\000t\000e}{subsection.6.1.3}% 27
\BOOKMARK [3][-]{subsubsection.6.1.3.9}{\376\377\0006\000.\0001\000.\0003\000.\0009\000\040\000d\000e\000s\000t\000i\000n\000a\000t\000i\000o\000n}{subsection.6.1.3}% 28
\BOOKMARK [3][-]{subsubsection.6.1.3.10}{\376\377\0006\000.\0001\000.\0003\000.\0001\0000\000\040\000m\000D\000a\000t\000e\000S\000e\000t\000L\000i\000s\000t\000e\000n\000e\000r}{subsection.6.1.3}% 29
\BOOKMARK [3][-]{subsubsection.6.1.3.11}{\376\377\0006\000.\0001\000.\0003\000.\0001\0001\000\040\000M\000o\000b\000i\000l\000e}{subsection.6.1.3}% 30
\BOOKMARK [3][-]{subsubsection.6.1.3.12}{\376\377\0006\000.\0001\000.\0003\000.\0001\0002\000\040\000M\000o\000T}{subsection.6.1.3}% 31
\BOOKMARK [3][-]{subsubsection.6.1.3.13}{\376\377\0006\000.\0001\000.\0003\000.\0001\0003\000\040\000n\000a\000m\000e}{subsection.6.1.3}% 32
\BOOKMARK [3][-]{subsubsection.6.1.3.14}{\376\377\0006\000.\0001\000.\0003\000.\0001\0004\000\040\000p\000e\000r\000s\000o\000n\000s}{subsection.6.1.3}% 33
\BOOKMARK [3][-]{subsubsection.6.1.3.15}{\376\377\0006\000.\0001\000.\0003\000.\0001\0005\000\040\000p\000o\000s\000t}{subsection.6.1.3}% 34
\BOOKMARK [3][-]{subsubsection.6.1.3.16}{\376\377\0006\000.\0001\000.\0003\000.\0001\0006\000\040\000s\000o\000u\000r\000c\000e}{subsection.6.1.3}% 35
\BOOKMARK [3][-]{subsubsection.6.1.3.17}{\376\377\0006\000.\0001\000.\0003\000.\0001\0007\000\040\000T\000i\000m\000e}{subsection.6.1.3}% 36
\BOOKMARK [3][-]{subsubsection.6.1.3.18}{\376\377\0006\000.\0001\000.\0003\000.\0001\0008\000\040\000t\000o\000o\000l\000b\000a\000r}{subsection.6.1.3}% 37
\BOOKMARK [3][-]{subsubsection.6.1.3.19}{\376\377\0006\000.\0001\000.\0003\000.\0001\0009\000\040\000u\000s\000e\000r}{subsection.6.1.3}% 38
\BOOKMARK [1][-]{section.6.2}{\376\377\0006\000.\0002\000\040\000c\000o\000m\000.\000e\000x\000a\000m\000p\000l\000e\000.\000s\000p\000l\000i\000t\000f\000a\000r\000e\000.\000C\000o\000m\000m\000e\000n\000t\000\040\000C\000l\000a\000s\000s\000\040\000R\000e\000f\000e\000r\000e\000n\000c\000e}{chapter.6}% 39
\BOOKMARK [2][-]{subsection.6.2.1}{\376\377\0006\000.\0002\000.\0001\000\040\000D\000e\000t\000a\000i\000l\000e\000d\000\040\000D\000e\000s\000c\000r\000i\000p\000t\000i\000o\000n}{section.6.2}% 40
\BOOKMARK [2][-]{subsection.6.2.2}{\376\377\0006\000.\0002\000.\0002\000\040\000M\000e\000m\000b\000e\000r\000\040\000F\000u\000n\000c\000t\000i\000o\000n\000\040\000D\000o\000c\000u\000m\000e\000n\000t\000a\000t\000i\000o\000n}{section.6.2}% 41
\BOOKMARK [3][-]{subsubsection.6.2.2.1}{\376\377\0006\000.\0002\000.\0002\000.\0001\000\040\000o\000n\000B\000a\000c\000k\000P\000r\000e\000s\000s\000e\000d\000\050\000\051}{subsection.6.2.2}% 42
\BOOKMARK [3][-]{subsubsection.6.2.2.2}{\376\377\0006\000.\0002\000.\0002\000.\0002\000\040\000o\000n\000C\000r\000e\000a\000t\000e\000\050\000\051}{subsection.6.2.2}% 43
\BOOKMARK [2][-]{subsection.6.2.3}{\376\377\0006\000.\0002\000.\0003\000\040\000M\000e\000m\000b\000e\000r\000\040\000D\000a\000t\000a\000\040\000D\000o\000c\000u\000m\000e\000n\000t\000a\000t\000i\000o\000n}{section.6.2}% 44
\BOOKMARK [3][-]{subsubsection.6.2.3.1}{\376\377\0006\000.\0002\000.\0003\000.\0001\000\040\000c\000o\000m\000m}{subsection.6.2.3}% 45
\BOOKMARK [3][-]{subsubsection.6.2.3.2}{\376\377\0006\000.\0002\000.\0003\000.\0002\000\040\000c\000o\000m\000m\000a\000d\000a\000p\000t\000e\000r}{subsection.6.2.3}% 46
\BOOKMARK [3][-]{subsubsection.6.2.3.3}{\376\377\0006\000.\0002\000.\0003\000.\0003\000\040\000c\000o\000m\000m\000e\000n\000t\000l\000i\000s\000t}{subsection.6.2.3}% 47
\BOOKMARK [3][-]{subsubsection.6.2.3.4}{\376\377\0006\000.\0002\000.\0003\000.\0004\000\040\000c\000o\000m\000m\000l\000v}{subsection.6.2.3}% 48
\BOOKMARK [3][-]{subsubsection.6.2.3.5}{\376\377\0006\000.\0002\000.\0003\000.\0005\000\040\000d\000a\000t\000a\000b\000a\000s\000e\000p\000o\000s\000t\000s}{subsection.6.2.3}% 49
\BOOKMARK [3][-]{subsubsection.6.2.3.6}{\376\377\0006\000.\0002\000.\0003\000.\0006\000\040\000d\000a\000t\000e}{subsection.6.2.3}% 50
\BOOKMARK [3][-]{subsubsection.6.2.3.7}{\376\377\0006\000.\0002\000.\0003\000.\0007\000\040\000d\000e\000s\000t}{subsection.6.2.3}% 51
\BOOKMARK [3][-]{subsubsection.6.2.3.8}{\376\377\0006\000.\0002\000.\0003\000.\0008\000\040\000m\000o\000b}{subsection.6.2.3}% 52
\BOOKMARK [3][-]{subsubsection.6.2.3.9}{\376\377\0006\000.\0002\000.\0003\000.\0009\000\040\000m\000o\000t}{subsection.6.2.3}% 53
\BOOKMARK [3][-]{subsubsection.6.2.3.10}{\376\377\0006\000.\0002\000.\0003\000.\0001\0000\000\040\000n\000a\000m\000e}{subsection.6.2.3}% 54
\BOOKMARK [3][-]{subsubsection.6.2.3.11}{\376\377\0006\000.\0002\000.\0003\000.\0001\0001\000\040\000n\000o\000p}{subsection.6.2.3}% 55
\BOOKMARK [3][-]{subsubsection.6.2.3.12}{\376\377\0006\000.\0002\000.\0003\000.\0001\0002\000\040\000r\000e\000p\000l\000y}{subsection.6.2.3}% 56
\BOOKMARK [3][-]{subsubsection.6.2.3.13}{\376\377\0006\000.\0002\000.\0003\000.\0001\0003\000\040\000s\000o\000u\000r\000c\000e}{subsection.6.2.3}% 57
\BOOKMARK [3][-]{subsubsection.6.2.3.14}{\376\377\0006\000.\0002\000.\0003\000.\0001\0004\000\040\000t\000i\000m\000e}{subsection.6.2.3}% 58
\BOOKMARK [3][-]{subsubsection.6.2.3.15}{\376\377\0006\000.\0002\000.\0003\000.\0001\0005\000\040\000t\000o\000o\000l\000b\000a\000r}{subsection.6.2.3}% 59
\BOOKMARK [3][-]{subsubsection.6.2.3.16}{\376\377\0006\000.\0002\000.\0003\000.\0001\0006\000\040\000u\000i\000d}{subsection.6.2.3}% 60
\BOOKMARK [3][-]{subsubsection.6.2.3.17}{\376\377\0006\000.\0002\000.\0003\000.\0001\0007\000\040\000u\000s\000e\000r}{subsection.6.2.3}% 61
\BOOKMARK [1][-]{section.6.3}{\376\377\0006\000.\0003\000\040\000c\000o\000m\000.\000e\000x\000a\000m\000p\000l\000e\000.\000s\000p\000l\000i\000t\000f\000a\000r\000e\000.\000H\000o\000m\000e\000\040\000C\000l\000a\000s\000s\000\040\000R\000e\000f\000e\000r\000e\000n\000c\000e}{chapter.6}% 62
\BOOKMARK [2][-]{subsection.6.3.1}{\376\377\0006\000.\0003\000.\0001\000\040\000D\000e\000t\000a\000i\000l\000e\000d\000\040\000D\000e\000s\000c\000r\000i\000p\000t\000i\000o\000n}{section.6.3}% 63
\BOOKMARK [2][-]{subsection.6.3.2}{\376\377\0006\000.\0003\000.\0002\000\040\000M\000e\000m\000b\000e\000r\000\040\000F\000u\000n\000c\000t\000i\000o\000n\000\040\000D\000o\000c\000u\000m\000e\000n\000t\000a\000t\000i\000o\000n}{section.6.3}% 64
\BOOKMARK [3][-]{subsubsection.6.3.2.1}{\376\377\0006\000.\0003\000.\0002\000.\0001\000\040\000o\000n\000B\000a\000c\000k\000P\000r\000e\000s\000s\000e\000d\000\050\000\051}{subsection.6.3.2}% 65
\BOOKMARK [3][-]{subsubsection.6.3.2.2}{\376\377\0006\000.\0003\000.\0002\000.\0002\000\040\000o\000n\000C\000r\000e\000a\000t\000e\000\050\000\051}{subsection.6.3.2}% 66
\BOOKMARK [3][-]{subsubsection.6.3.2.3}{\376\377\0006\000.\0003\000.\0002\000.\0003\000\040\000o\000n\000N\000a\000v\000i\000g\000a\000t\000i\000o\000n\000I\000t\000e\000m\000S\000e\000l\000e\000c\000t\000e\000d\000\050\000\051}{subsection.6.3.2}% 67
\BOOKMARK [3][-]{subsubsection.6.3.2.4}{\376\377\0006\000.\0003\000.\0002\000.\0004\000\040\000o\000n\000S\000t\000a\000r\000t\000\050\000\051}{subsection.6.3.2}% 68
\BOOKMARK [2][-]{subsection.6.3.3}{\376\377\0006\000.\0003\000.\0003\000\040\000M\000e\000m\000b\000e\000r\000\040\000D\000a\000t\000a\000\040\000D\000o\000c\000u\000m\000e\000n\000t\000a\000t\000i\000o\000n}{section.6.3}% 69
\BOOKMARK [3][-]{subsubsection.6.3.3.1}{\376\377\0006\000.\0003\000.\0003\000.\0001\000\040\000c\000u\000r\000u\000s\000e\000r}{subsection.6.3.3}% 70
\BOOKMARK [3][-]{subsubsection.6.3.3.2}{\376\377\0006\000.\0003\000.\0003\000.\0002\000\040\000d\000a\000t\000a\000b\000a\000s\000e\000p\000o\000s\000t\000s}{subsection.6.3.3}% 71
\BOOKMARK [3][-]{subsubsection.6.3.3.3}{\376\377\0006\000.\0003\000.\0003\000.\0003\000\040\000d\000a\000t\000a\000b\000a\000s\000e\000u\000s\000e\000r\000s}{subsection.6.3.3}% 72
\BOOKMARK [3][-]{subsubsection.6.3.3.4}{\376\377\0006\000.\0003\000.\0003\000.\0004\000\040\000d\000r\000a\000w\000e\000r\000L\000a\000y\000o\000u\000t}{subsection.6.3.3}% 73
\BOOKMARK [3][-]{subsubsection.6.3.3.5}{\376\377\0006\000.\0003\000.\0003\000.\0005\000\040\000l\000i\000s\000t\000V\000i\000e\000w\000P\000o\000s\000t\000s}{subsection.6.3.3}% 74
\BOOKMARK [3][-]{subsubsection.6.3.3.6}{\376\377\0006\000.\0003\000.\0003\000.\0006\000\040\000m\000A\000u\000t\000h\000S\000t\000a\000t\000e\000L\000i\000s\000t\000e\000n\000e\000r}{subsection.6.3.3}% 75
\BOOKMARK [3][-]{subsubsection.6.3.3.7}{\376\377\0006\000.\0003\000.\0003\000.\0007\000\040\000m\000F\000i\000r\000e\000b\000a\000s\000e\000A\000u\000t\000h}{subsection.6.3.3}% 76
\BOOKMARK [3][-]{subsubsection.6.3.3.8}{\376\377\0006\000.\0003\000.\0003\000.\0008\000\040\000n\000a\000v\000i\000g\000a\000t\000i\000o\000n\000V\000i\000e\000w}{subsection.6.3.3}% 77
\BOOKMARK [3][-]{subsubsection.6.3.3.9}{\376\377\0006\000.\0003\000.\0003\000.\0009\000\040\000p\000o\000s\000t\000s}{subsection.6.3.3}% 78
\BOOKMARK [3][-]{subsubsection.6.3.3.10}{\376\377\0006\000.\0003\000.\0003\000.\0001\0000\000\040\000t\000o\000o\000l\000b\000a\000r}{subsection.6.3.3}% 79
\BOOKMARK [3][-]{subsubsection.6.3.3.11}{\376\377\0006\000.\0003\000.\0003\000.\0001\0001\000\040\000u\000s\000e\000r\000s}{subsection.6.3.3}% 80
\BOOKMARK [1][-]{section.6.4}{\376\377\0006\000.\0004\000\040\000c\000o\000m\000.\000e\000x\000a\000m\000p\000l\000e\000.\000s\000p\000l\000i\000t\000f\000a\000r\000e\000.\000L\000o\000g\000i\000n\000A\000c\000t\000i\000v\000i\000t\000y\000\040\000C\000l\000a\000s\000s\000\040\000R\000e\000f\000e\000r\000e\000n\000c\000e}{chapter.6}% 81
\BOOKMARK [2][-]{subsection.6.4.1}{\376\377\0006\000.\0004\000.\0001\000\040\000D\000e\000t\000a\000i\000l\000e\000d\000\040\000D\000e\000s\000c\000r\000i\000p\000t\000i\000o\000n}{section.6.4}% 82
\BOOKMARK [2][-]{subsection.6.4.2}{\376\377\0006\000.\0004\000.\0002\000\040\000M\000e\000m\000b\000e\000r\000\040\000F\000u\000n\000c\000t\000i\000o\000n\000\040\000D\000o\000c\000u\000m\000e\000n\000t\000a\000t\000i\000o\000n}{section.6.4}% 83
\BOOKMARK [3][-]{subsubsection.6.4.2.1}{\376\377\0006\000.\0004\000.\0002\000.\0001\000\040\000o\000n\000B\000a\000c\000k\000P\000r\000e\000s\000s\000e\000d\000\050\000\051}{subsection.6.4.2}% 84
\BOOKMARK [3][-]{subsubsection.6.4.2.2}{\376\377\0006\000.\0004\000.\0002\000.\0002\000\040\000o\000n\000C\000r\000e\000a\000t\000e\000\050\000\051}{subsection.6.4.2}% 85
\BOOKMARK [3][-]{subsubsection.6.4.2.3}{\376\377\0006\000.\0004\000.\0002\000.\0003\000\040\000o\000n\000S\000t\000a\000r\000t\000\050\000\051}{subsection.6.4.2}% 86
\BOOKMARK [2][-]{subsection.6.4.3}{\376\377\0006\000.\0004\000.\0003\000\040\000M\000e\000m\000b\000e\000r\000\040\000D\000a\000t\000a\000\040\000D\000o\000c\000u\000m\000e\000n\000t\000a\000t\000i\000o\000n}{section.6.4}% 87
\BOOKMARK [3][-]{subsubsection.6.4.3.1}{\376\377\0006\000.\0004\000.\0003\000.\0001\000\040\000b\000t\000n\000S\000i\000g\000n\000I\000n}{subsection.6.4.3}% 88
\BOOKMARK [3][-]{subsubsection.6.4.3.2}{\376\377\0006\000.\0004\000.\0003\000.\0002\000\040\000e\000m\000a\000i\000l\000I\000d}{subsection.6.4.3}% 89
\BOOKMARK [3][-]{subsubsection.6.4.3.3}{\376\377\0006\000.\0004\000.\0003\000.\0003\000\040\000m\000A\000u\000t\000h\000S\000t\000a\000t\000e\000L\000i\000s\000t\000e\000n\000e\000r}{subsection.6.4.3}% 90
\BOOKMARK [3][-]{subsubsection.6.4.3.4}{\376\377\0006\000.\0004\000.\0003\000.\0004\000\040\000m\000F\000i\000r\000e\000b\000a\000s\000e\000A\000u\000t\000h}{subsection.6.4.3}% 91
\BOOKMARK [3][-]{subsubsection.6.4.3.5}{\376\377\0006\000.\0004\000.\0003\000.\0005\000\040\000p\000a\000s\000s\000w\000o\000r\000d}{subsection.6.4.3}% 92
\BOOKMARK [3][-]{subsubsection.6.4.3.6}{\376\377\0006\000.\0004\000.\0003\000.\0006\000\040\000t\000v\000S\000i\000g\000n\000U\000p}{subsection.6.4.3}% 93
\BOOKMARK [1][-]{section.6.5}{\376\377\0006\000.\0005\000\040\000c\000o\000m\000.\000e\000x\000a\000m\000p\000l\000e\000.\000s\000p\000l\000i\000t\000f\000a\000r\000e\000.\000M\000a\000i\000n\000A\000c\000t\000i\000v\000i\000t\000y\000\040\000C\000l\000a\000s\000s\000\040\000R\000e\000f\000e\000r\000e\000n\000c\000e}{chapter.6}% 94
\BOOKMARK [2][-]{subsection.6.5.1}{\376\377\0006\000.\0005\000.\0001\000\040\000D\000e\000t\000a\000i\000l\000e\000d\000\040\000D\000e\000s\000c\000r\000i\000p\000t\000i\000o\000n}{section.6.5}% 95
\BOOKMARK [2][-]{subsection.6.5.2}{\376\377\0006\000.\0005\000.\0002\000\040\000M\000e\000m\000b\000e\000r\000\040\000F\000u\000n\000c\000t\000i\000o\000n\000\040\000D\000o\000c\000u\000m\000e\000n\000t\000a\000t\000i\000o\000n}{section.6.5}% 96
\BOOKMARK [3][-]{subsubsection.6.5.2.1}{\376\377\0006\000.\0005\000.\0002\000.\0001\000\040\000o\000n\000B\000a\000c\000k\000P\000r\000e\000s\000s\000e\000d\000\050\000\051}{subsection.6.5.2}% 97
\BOOKMARK [3][-]{subsubsection.6.5.2.2}{\376\377\0006\000.\0005\000.\0002\000.\0002\000\040\000o\000n\000C\000r\000e\000a\000t\000e\000\050\000\051}{subsection.6.5.2}% 98
\BOOKMARK [2][-]{subsection.6.5.3}{\376\377\0006\000.\0005\000.\0003\000\040\000M\000e\000m\000b\000e\000r\000\040\000D\000a\000t\000a\000\040\000D\000o\000c\000u\000m\000e\000n\000t\000a\000t\000i\000o\000n}{section.6.5}% 99
\BOOKMARK [3][-]{subsubsection.6.5.3.1}{\376\377\0006\000.\0005\000.\0003\000.\0001\000\040\000b\000t\000n\000S\000i\000g\000n\000U\000p}{subsection.6.5.3}% 100
\BOOKMARK [3][-]{subsubsection.6.5.3.2}{\376\377\0006\000.\0005\000.\0003\000.\0002\000\040\000d\000a\000t\000a\000b\000a\000s\000e\000p\000o\000s\000t\000s}{subsection.6.5.3}% 101
\BOOKMARK [3][-]{subsubsection.6.5.3.3}{\376\377\0006\000.\0005\000.\0003\000.\0003\000\040\000e\000m\000a\000i\000l\000I\000d}{subsection.6.5.3}% 102
\BOOKMARK [3][-]{subsubsection.6.5.3.4}{\376\377\0006\000.\0005\000.\0003\000.\0004\000\040\000m\000F\000i\000r\000e\000b\000a\000s\000e\000A\000u\000t\000h}{subsection.6.5.3}% 103
\BOOKMARK [3][-]{subsubsection.6.5.3.5}{\376\377\0006\000.\0005\000.\0003\000.\0005\000\040\000p\000a\000s\000s\000w\000o\000r\000d}{subsection.6.5.3}% 104
\BOOKMARK [3][-]{subsubsection.6.5.3.6}{\376\377\0006\000.\0005\000.\0003\000.\0006\000\040\000t\000v\000S\000i\000g\000n\000I\000n}{subsection.6.5.3}% 105
\BOOKMARK [3][-]{subsubsection.6.5.3.7}{\376\377\0006\000.\0005\000.\0003\000.\0007\000\040\000u\000i\000d}{subsection.6.5.3}% 106
\BOOKMARK [3][-]{subsubsection.6.5.3.8}{\376\377\0006\000.\0005\000.\0003\000.\0008\000\040\000u\000s\000e\000r}{subsection.6.5.3}% 107
\BOOKMARK [1][-]{section.6.6}{\376\377\0006\000.\0006\000\040\000c\000o\000m\000.\000e\000x\000a\000m\000p\000l\000e\000.\000s\000p\000l\000i\000t\000f\000a\000r\000e\000.\000m\000y\000p\000o\000s\000t\000s\000\040\000C\000l\000a\000s\000s\000\040\000R\000e\000f\000e\000r\000e\000n\000c\000e}{chapter.6}% 108
\BOOKMARK [2][-]{subsection.6.6.1}{\376\377\0006\000.\0006\000.\0001\000\040\000D\000e\000t\000a\000i\000l\000e\000d\000\040\000D\000e\000s\000c\000r\000i\000p\000t\000i\000o\000n}{section.6.6}% 109
\BOOKMARK [2][-]{subsection.6.6.2}{\376\377\0006\000.\0006\000.\0002\000\040\000M\000e\000m\000b\000e\000r\000\040\000F\000u\000n\000c\000t\000i\000o\000n\000\040\000D\000o\000c\000u\000m\000e\000n\000t\000a\000t\000i\000o\000n}{section.6.6}% 110
\BOOKMARK [3][-]{subsubsection.6.6.2.1}{\376\377\0006\000.\0006\000.\0002\000.\0001\000\040\000o\000n\000B\000a\000c\000k\000P\000r\000e\000s\000s\000e\000d\000\050\000\051}{subsection.6.6.2}% 111
\BOOKMARK [3][-]{subsubsection.6.6.2.2}{\376\377\0006\000.\0006\000.\0002\000.\0002\000\040\000o\000n\000C\000r\000e\000a\000t\000e\000\050\000\051}{subsection.6.6.2}% 112
\BOOKMARK [2][-]{subsection.6.6.3}{\376\377\0006\000.\0006\000.\0003\000\040\000M\000e\000m\000b\000e\000r\000\040\000D\000a\000t\000a\000\040\000D\000o\000c\000u\000m\000e\000n\000t\000a\000t\000i\000o\000n}{section.6.6}% 113
\BOOKMARK [3][-]{subsubsection.6.6.3.1}{\376\377\0006\000.\0006\000.\0003\000.\0001\000\040\000c\000u\000r\000u\000s\000e\000r}{subsection.6.6.3}% 114
\BOOKMARK [3][-]{subsubsection.6.6.3.2}{\376\377\0006\000.\0006\000.\0003\000.\0002\000\040\000d\000a\000t\000a\000b\000a\000s\000e\000m\000y\000p\000o\000s\000t\000s}{subsection.6.6.3}% 115
\BOOKMARK [3][-]{subsubsection.6.6.3.3}{\376\377\0006\000.\0006\000.\0003\000.\0003\000\040\000l\000i\000s\000t\000V\000i\000e\000w\000m\000y\000P\000o\000s\000t\000s}{subsection.6.6.3}% 116
\BOOKMARK [3][-]{subsubsection.6.6.3.4}{\376\377\0006\000.\0006\000.\0003\000.\0004\000\040\000m\000y\000\137\000p\000o\000s\000t\000s}{subsection.6.6.3}% 117
\BOOKMARK [3][-]{subsubsection.6.6.3.5}{\376\377\0006\000.\0006\000.\0003\000.\0005\000\040\000t\000o\000o\000l\000b\000a\000r}{subsection.6.6.3}% 118
\BOOKMARK [1][-]{section.6.7}{\376\377\0006\000.\0007\000\040\000c\000o\000m\000.\000e\000x\000a\000m\000p\000l\000e\000.\000s\000p\000l\000i\000t\000f\000a\000r\000e\000.\000P\000o\000s\000t\000\040\000C\000l\000a\000s\000s\000\040\000R\000e\000f\000e\000r\000e\000n\000c\000e}{chapter.6}% 119
\BOOKMARK [2][-]{subsection.6.7.1}{\376\377\0006\000.\0007\000.\0001\000\040\000D\000e\000t\000a\000i\000l\000e\000d\000\040\000D\000e\000s\000c\000r\000i\000p\000t\000i\000o\000n}{section.6.7}% 120
\BOOKMARK [2][-]{subsection.6.7.2}{\376\377\0006\000.\0007\000.\0002\000\040\000C\000o\000n\000s\000t\000r\000u\000c\000t\000o\000r\000\040\000\046\000\040\000D\000e\000s\000t\000r\000u\000c\000t\000o\000r\000\040\000D\000o\000c\000u\000m\000e\000n\000t\000a\000t\000i\000o\000n}{section.6.7}% 121
\BOOKMARK [3][-]{subsubsection.6.7.2.1}{\376\377\0006\000.\0007\000.\0002\000.\0001\000\040\000P\000o\000s\000t\000\050\000\051}{subsection.6.7.2}% 122
\BOOKMARK [2][-]{subsection.6.7.3}{\376\377\0006\000.\0007\000.\0003\000\040\000M\000e\000m\000b\000e\000r\000\040\000F\000u\000n\000c\000t\000i\000o\000n\000\040\000D\000o\000c\000u\000m\000e\000n\000t\000a\000t\000i\000o\000n}{section.6.7}% 123
\BOOKMARK [3][-]{subsubsection.6.7.3.1}{\376\377\0006\000.\0007\000.\0003\000.\0001\000\040\000g\000e\000t\000D\000a\000t\000e\000\050\000\051}{subsection.6.7.3}% 124
\BOOKMARK [3][-]{subsubsection.6.7.3.2}{\376\377\0006\000.\0007\000.\0003\000.\0002\000\040\000g\000e\000t\000D\000e\000s\000t\000i\000n\000a\000t\000i\000o\000n\000\050\000\051}{subsection.6.7.3}% 125
\BOOKMARK [3][-]{subsubsection.6.7.3.3}{\376\377\0006\000.\0007\000.\0003\000.\0003\000\040\000g\000e\000t\000I\000D\000\050\000\051}{subsection.6.7.3}% 126
\BOOKMARK [3][-]{subsubsection.6.7.3.4}{\376\377\0006\000.\0007\000.\0003\000.\0004\000\040\000g\000e\000t\000L\000i\000s\000t\000\050\000\051}{subsection.6.7.3}% 127
\BOOKMARK [3][-]{subsubsection.6.7.3.5}{\376\377\0006\000.\0007\000.\0003\000.\0005\000\040\000g\000e\000t\000M\000o\000b\000i\000l\000e\000\050\000\051}{subsection.6.7.3}% 128
\BOOKMARK [3][-]{subsubsection.6.7.3.6}{\376\377\0006\000.\0007\000.\0003\000.\0006\000\040\000g\000e\000t\000M\000o\000T\000\050\000\051}{subsection.6.7.3}% 129
\BOOKMARK [3][-]{subsubsection.6.7.3.7}{\376\377\0006\000.\0007\000.\0003\000.\0007\000\040\000g\000e\000t\000N\000a\000m\000e\000\050\000\051}{subsection.6.7.3}% 130
\BOOKMARK [3][-]{subsubsection.6.7.3.8}{\376\377\0006\000.\0007\000.\0003\000.\0008\000\040\000g\000e\000t\000P\000e\000r\000s\000o\000n\000s\000\050\000\051}{subsection.6.7.3}% 131
\BOOKMARK [3][-]{subsubsection.6.7.3.9}{\376\377\0006\000.\0007\000.\0003\000.\0009\000\040\000g\000e\000t\000P\000i\000d\000\050\000\051}{subsection.6.7.3}% 132
\BOOKMARK [3][-]{subsubsection.6.7.3.10}{\376\377\0006\000.\0007\000.\0003\000.\0001\0000\000\040\000g\000e\000t\000S\000o\000u\000r\000c\000e\000\050\000\051}{subsection.6.7.3}% 133
\BOOKMARK [3][-]{subsubsection.6.7.3.11}{\376\377\0006\000.\0007\000.\0003\000.\0001\0001\000\040\000g\000e\000t\000T\000i\000m\000e\000\050\000\051}{subsection.6.7.3}% 134
\BOOKMARK [3][-]{subsubsection.6.7.3.12}{\376\377\0006\000.\0007\000.\0003\000.\0001\0002\000\040\000g\000e\000t\000U\000i\000d\000\050\000\051}{subsection.6.7.3}% 135
\BOOKMARK [3][-]{subsubsection.6.7.3.13}{\376\377\0006\000.\0007\000.\0003\000.\0001\0003\000\040\000g\000e\000t\000U\000s\000e\000r\000e\000m\000a\000i\000l\000\050\000\051}{subsection.6.7.3}% 136
\BOOKMARK [3][-]{subsubsection.6.7.3.14}{\376\377\0006\000.\0007\000.\0003\000.\0001\0004\000\040\000s\000e\000t\000D\000a\000t\000e\000\050\000\051}{subsection.6.7.3}% 137
\BOOKMARK [3][-]{subsubsection.6.7.3.15}{\376\377\0006\000.\0007\000.\0003\000.\0001\0005\000\040\000s\000e\000t\000D\000e\000s\000t\000i\000n\000a\000t\000i\000o\000n\000\050\000\051}{subsection.6.7.3}% 138
\BOOKMARK [3][-]{subsubsection.6.7.3.16}{\376\377\0006\000.\0007\000.\0003\000.\0001\0006\000\040\000s\000e\000t\000I\000D\000\050\000\051}{subsection.6.7.3}% 139
\BOOKMARK [3][-]{subsubsection.6.7.3.17}{\376\377\0006\000.\0007\000.\0003\000.\0001\0007\000\040\000s\000e\000t\000l\000i\000s\000t\000\050\000\051}{subsection.6.7.3}% 140
\BOOKMARK [3][-]{subsubsection.6.7.3.18}{\376\377\0006\000.\0007\000.\0003\000.\0001\0008\000\040\000s\000e\000t\000M\000o\000b\000i\000l\000e\000\050\000\051}{subsection.6.7.3}% 141
\BOOKMARK [3][-]{subsubsection.6.7.3.19}{\376\377\0006\000.\0007\000.\0003\000.\0001\0009\000\040\000s\000e\000t\000M\000o\000T\000\050\000\051}{subsection.6.7.3}% 142
\BOOKMARK [3][-]{subsubsection.6.7.3.20}{\376\377\0006\000.\0007\000.\0003\000.\0002\0000\000\040\000s\000e\000t\000N\000a\000m\000e\000\050\000\051}{subsection.6.7.3}% 143
\BOOKMARK [3][-]{subsubsection.6.7.3.21}{\376\377\0006\000.\0007\000.\0003\000.\0002\0001\000\040\000s\000e\000t\000P\000e\000r\000s\000o\000n\000s\000\050\000\051}{subsection.6.7.3}% 144
\BOOKMARK [3][-]{subsubsection.6.7.3.22}{\376\377\0006\000.\0007\000.\0003\000.\0002\0002\000\040\000s\000e\000t\000P\000i\000d\000\050\000\051}{subsection.6.7.3}% 145
\BOOKMARK [3][-]{subsubsection.6.7.3.23}{\376\377\0006\000.\0007\000.\0003\000.\0002\0003\000\040\000s\000e\000t\000S\000o\000u\000r\000c\000e\000\050\000\051}{subsection.6.7.3}% 146
\BOOKMARK [3][-]{subsubsection.6.7.3.24}{\376\377\0006\000.\0007\000.\0003\000.\0002\0004\000\040\000s\000e\000t\000T\000i\000m\000e\000\050\000\051}{subsection.6.7.3}% 147
\BOOKMARK [3][-]{subsubsection.6.7.3.25}{\376\377\0006\000.\0007\000.\0003\000.\0002\0005\000\040\000s\000e\000t\000U\000i\000d\000\050\000\051}{subsection.6.7.3}% 148
\BOOKMARK [3][-]{subsubsection.6.7.3.26}{\376\377\0006\000.\0007\000.\0003\000.\0002\0006\000\040\000s\000e\000t\000U\000s\000e\000r\000e\000m\000a\000i\000l\000\050\000\051}{subsection.6.7.3}% 149
\BOOKMARK [2][-]{subsection.6.7.4}{\376\377\0006\000.\0007\000.\0004\000\040\000M\000e\000m\000b\000e\000r\000\040\000D\000a\000t\000a\000\040\000D\000o\000c\000u\000m\000e\000n\000t\000a\000t\000i\000o\000n}{section.6.7}% 150
\BOOKMARK [3][-]{subsubsection.6.7.4.1}{\376\377\0006\000.\0007\000.\0004\000.\0001\000\040\000c\000o\000m\000m\000e\000n\000t\000s}{subsection.6.7.4}% 151
\BOOKMARK [3][-]{subsubsection.6.7.4.2}{\376\377\0006\000.\0007\000.\0004\000.\0002\000\040\000D\000a\000t\000e}{subsection.6.7.4}% 152
\BOOKMARK [3][-]{subsubsection.6.7.4.3}{\376\377\0006\000.\0007\000.\0004\000.\0003\000\040\000d\000e\000s\000t\000i\000n\000a\000t\000i\000o\000n}{subsection.6.7.4}% 153
\BOOKMARK [3][-]{subsubsection.6.7.4.4}{\376\377\0006\000.\0007\000.\0004\000.\0004\000\040\000M\000o\000b\000i\000l\000e}{subsection.6.7.4}% 154
\BOOKMARK [3][-]{subsubsection.6.7.4.5}{\376\377\0006\000.\0007\000.\0004\000.\0005\000\040\000M\000o\000T}{subsection.6.7.4}% 155
\BOOKMARK [3][-]{subsubsection.6.7.4.6}{\376\377\0006\000.\0007\000.\0004\000.\0006\000\040\000n\000a\000m\000e}{subsection.6.7.4}% 156
\BOOKMARK [3][-]{subsubsection.6.7.4.7}{\376\377\0006\000.\0007\000.\0004\000.\0007\000\040\000p\000e\000r\000s\000o\000n\000s}{subsection.6.7.4}% 157
\BOOKMARK [3][-]{subsubsection.6.7.4.8}{\376\377\0006\000.\0007\000.\0004\000.\0008\000\040\000P\000i\000d}{subsection.6.7.4}% 158
\BOOKMARK [3][-]{subsubsection.6.7.4.9}{\376\377\0006\000.\0007\000.\0004\000.\0009\000\040\000s\000o\000u\000r\000c\000e}{subsection.6.7.4}% 159
\BOOKMARK [3][-]{subsubsection.6.7.4.10}{\376\377\0006\000.\0007\000.\0004\000.\0001\0000\000\040\000T\000i\000m\000e}{subsection.6.7.4}% 160
\BOOKMARK [3][-]{subsubsection.6.7.4.11}{\376\377\0006\000.\0007\000.\0004\000.\0001\0001\000\040\000U\000i\000d}{subsection.6.7.4}% 161
\BOOKMARK [3][-]{subsubsection.6.7.4.12}{\376\377\0006\000.\0007\000.\0004\000.\0001\0002\000\040\000u\000s\000e\000r\000e\000m\000a\000i\000l}{subsection.6.7.4}% 162
\BOOKMARK [1][-]{section.6.8}{\376\377\0006\000.\0008\000\040\000c\000o\000m\000.\000e\000x\000a\000m\000p\000l\000e\000.\000s\000p\000l\000i\000t\000f\000a\000r\000e\000.\000P\000o\000s\000t\000L\000i\000s\000t\000\040\000C\000l\000a\000s\000s\000\040\000R\000e\000f\000e\000r\000e\000n\000c\000e}{chapter.6}% 163
\BOOKMARK [2][-]{subsection.6.8.1}{\376\377\0006\000.\0008\000.\0001\000\040\000D\000e\000t\000a\000i\000l\000e\000d\000\040\000D\000e\000s\000c\000r\000i\000p\000t\000i\000o\000n}{section.6.8}% 164
\BOOKMARK [2][-]{subsection.6.8.2}{\376\377\0006\000.\0008\000.\0002\000\040\000C\000o\000n\000s\000t\000r\000u\000c\000t\000o\000r\000\040\000\046\000\040\000D\000e\000s\000t\000r\000u\000c\000t\000o\000r\000\040\000D\000o\000c\000u\000m\000e\000n\000t\000a\000t\000i\000o\000n}{section.6.8}% 165
\BOOKMARK [3][-]{subsubsection.6.8.2.1}{\376\377\0006\000.\0008\000.\0002\000.\0001\000\040\000P\000o\000s\000t\000L\000i\000s\000t\000\050\000\051}{subsection.6.8.2}% 166
\BOOKMARK [2][-]{subsection.6.8.3}{\376\377\0006\000.\0008\000.\0003\000\040\000M\000e\000m\000b\000e\000r\000\040\000F\000u\000n\000c\000t\000i\000o\000n\000\040\000D\000o\000c\000u\000m\000e\000n\000t\000a\000t\000i\000o\000n}{section.6.8}% 167
\BOOKMARK [3][-]{subsubsection.6.8.3.1}{\376\377\0006\000.\0008\000.\0003\000.\0001\000\040\000g\000e\000t\000V\000i\000e\000w\000\050\000\051}{subsection.6.8.3}% 168
\BOOKMARK [2][-]{subsection.6.8.4}{\376\377\0006\000.\0008\000.\0004\000\040\000M\000e\000m\000b\000e\000r\000\040\000D\000a\000t\000a\000\040\000D\000o\000c\000u\000m\000e\000n\000t\000a\000t\000i\000o\000n}{section.6.8}% 169
\BOOKMARK [3][-]{subsubsection.6.8.4.1}{\376\377\0006\000.\0008\000.\0004\000.\0001\000\040\000b\000c\000l\000r}{subsection.6.8.4}% 170
\BOOKMARK [3][-]{subsubsection.6.8.4.2}{\376\377\0006\000.\0008\000.\0004\000.\0002\000\040\000c\000o\000n\000t\000e\000x\000t}{subsection.6.8.4}% 171
\BOOKMARK [3][-]{subsubsection.6.8.4.3}{\376\377\0006\000.\0008\000.\0004\000.\0003\000\040\000c\000o\000u\000n\000t}{subsection.6.8.4}% 172
\BOOKMARK [3][-]{subsubsection.6.8.4.4}{\376\377\0006\000.\0008\000.\0004\000.\0004\000\040\000p\000o\000s\000t\000s}{subsection.6.8.4}% 173
\BOOKMARK [3][-]{subsubsection.6.8.4.5}{\376\377\0006\000.\0008\000.\0004\000.\0005\000\040\000t\000c\000l\000r}{subsection.6.8.4}% 174
\BOOKMARK [0][-]{chapter.7}{\376\377\0007\000\040\000F\000i\000l\000e\000\040\000D\000o\000c\000u\000m\000e\000n\000t\000a\000t\000i\000o\000n}{}% 175
\BOOKMARK [1][-]{section.7.1}{\376\377\0007\000.\0001\000\040\000A\000d\000d\000p\000o\000s\000t\000a\000A\000c\000t\000i\000v\000i\000t\000y\000.\000j\000a\000v\000a\000\040\000F\000i\000l\000e\000\040\000R\000e\000f\000e\000r\000e\000n\000c\000e}{chapter.7}% 176
\BOOKMARK [1][-]{section.7.2}{\376\377\0007\000.\0002\000\040\000C\000o\000m\000m\000e\000n\000t\000.\000j\000a\000v\000a\000\040\000F\000i\000l\000e\000\040\000R\000e\000f\000e\000r\000e\000n\000c\000e}{chapter.7}% 177
\BOOKMARK [1][-]{section.7.3}{\376\377\0007\000.\0003\000\040\000H\000o\000m\000e\000.\000j\000a\000v\000a\000\040\000F\000i\000l\000e\000\040\000R\000e\000f\000e\000r\000e\000n\000c\000e}{chapter.7}% 178
\BOOKMARK [1][-]{section.7.4}{\376\377\0007\000.\0004\000\040\000L\000o\000g\000i\000n\000A\000c\000t\000i\000v\000i\000t\000y\000.\000j\000a\000v\000a\000\040\000F\000i\000l\000e\000\040\000R\000e\000f\000e\000r\000e\000n\000c\000e}{chapter.7}% 179
\BOOKMARK [1][-]{section.7.5}{\376\377\0007\000.\0005\000\040\000M\000a\000i\000n\000A\000c\000t\000i\000v\000i\000t\000y\000.\000j\000a\000v\000a\000\040\000F\000i\000l\000e\000\040\000R\000e\000f\000e\000r\000e\000n\000c\000e}{chapter.7}% 180
\BOOKMARK [1][-]{section.7.6}{\376\377\0007\000.\0006\000\040\000m\000y\000p\000o\000s\000t\000s\000.\000j\000a\000v\000a\000\040\000F\000i\000l\000e\000\040\000R\000e\000f\000e\000r\000e\000n\000c\000e}{chapter.7}% 181
\BOOKMARK [1][-]{section.7.7}{\376\377\0007\000.\0007\000\040\000P\000o\000s\000t\000.\000j\000a\000v\000a\000\040\000F\000i\000l\000e\000\040\000R\000e\000f\000e\000r\000e\000n\000c\000e}{chapter.7}% 182
\BOOKMARK [1][-]{section.7.8}{\376\377\0007\000.\0008\000\040\000P\000o\000s\000t\000L\000i\000s\000t\000.\000j\000a\000v\000a\000\040\000F\000i\000l\000e\000\040\000R\000e\000f\000e\000r\000e\000n\000c\000e}{chapter.7}% 183
\BOOKMARK [0][-]{section*.55}{\376\377\000I\000n\000d\000e\000x}{}% 184
